<?xml version="1.0" encoding="UTF-8"?>
<testsuite xmlns:xsi="http://www.w3.org/2001/XMLSchema-instance" xsi:noNamespaceSchemaLocation="https://maven.apache.org/surefire/maven-surefire-plugin/xsd/surefire-test-report.xsd" name="Maven.FormStack.TestCasesPage" time="64.657" tests="1" errors="0" skipped="0" failures="0">
  <properties>
    <property name="sun.desktop" value="windows"/>
    <property name="awt.toolkit" value="sun.awt.windows.WToolkit"/>
    <property name="file.encoding.pkg" value="sun.io"/>
    <property name="java.specification.version" value="1.8"/>
    <property name="sun.cpu.isalist" value="amd64"/>
    <property name="sun.jnu.encoding" value="Cp1252"/>
    <property name="java.class.path" value="C:\Users\win10\.eclipse\FormStack\target\test-classes;C:\Users\win10\.eclipse\FormStack\target\classes;C:\Users\win10\.m2\repository\org\seleniumhq\selenium\selenium-java\3.14.0\selenium-java-3.14.0.jar;C:\Users\win10\.m2\repository\org\seleniumhq\selenium\selenium-api\3.14.0\selenium-api-3.14.0.jar;C:\Users\win10\.m2\repository\org\seleniumhq\selenium\selenium-chrome-driver\3.14.0\selenium-chrome-driver-3.14.0.jar;C:\Users\win10\.m2\repository\org\seleniumhq\selenium\selenium-edge-driver\3.14.0\selenium-edge-driver-3.14.0.jar;C:\Users\win10\.m2\repository\org\seleniumhq\selenium\selenium-firefox-driver\3.14.0\selenium-firefox-driver-3.14.0.jar;C:\Users\win10\.m2\repository\org\seleniumhq\selenium\selenium-ie-driver\3.14.0\selenium-ie-driver-3.14.0.jar;C:\Users\win10\.m2\repository\org\seleniumhq\selenium\selenium-opera-driver\3.14.0\selenium-opera-driver-3.14.0.jar;C:\Users\win10\.m2\repository\org\seleniumhq\selenium\selenium-remote-driver\3.14.0\selenium-remote-driver-3.14.0.jar;C:\Users\win10\.m2\repository\org\seleniumhq\selenium\selenium-safari-driver\3.14.0\selenium-safari-driver-3.14.0.jar;C:\Users\win10\.m2\repository\org\seleniumhq\selenium\selenium-support\3.14.0\selenium-support-3.14.0.jar;C:\Users\win10\.m2\repository\net\bytebuddy\byte-buddy\1.8.15\byte-buddy-1.8.15.jar;C:\Users\win10\.m2\repository\org\apache\commons\commons-exec\1.3\commons-exec-1.3.jar;C:\Users\win10\.m2\repository\commons-codec\commons-codec\1.10\commons-codec-1.10.jar;C:\Users\win10\.m2\repository\commons-logging\commons-logging\1.2\commons-logging-1.2.jar;C:\Users\win10\.m2\repository\com\google\guava\guava\25.0-jre\guava-25.0-jre.jar;C:\Users\win10\.m2\repository\com\google\code\findbugs\jsr305\1.3.9\jsr305-1.3.9.jar;C:\Users\win10\.m2\repository\org\checkerframework\checker-compat-qual\2.0.0\checker-compat-qual-2.0.0.jar;C:\Users\win10\.m2\repository\com\google\errorprone\error_prone_annotations\2.1.3\error_prone_annotations-2.1.3.jar;C:\Users\win10\.m2\repository\com\google\j2objc\j2objc-annotations\1.1\j2objc-annotations-1.1.jar;C:\Users\win10\.m2\repository\org\codehaus\mojo\animal-sniffer-annotations\1.14\animal-sniffer-annotations-1.14.jar;C:\Users\win10\.m2\repository\org\apache\httpcomponents\httpclient\4.5.5\httpclient-4.5.5.jar;C:\Users\win10\.m2\repository\org\apache\httpcomponents\httpcore\4.4.9\httpcore-4.4.9.jar;C:\Users\win10\.m2\repository\com\squareup\okhttp3\okhttp\3.10.0\okhttp-3.10.0.jar;C:\Users\win10\.m2\repository\com\squareup\okio\okio\1.14.1\okio-1.14.1.jar;C:\Users\win10\.m2\repository\org\testng\testng\6.14.3\testng-6.14.3.jar;C:\Users\win10\.m2\repository\com\beust\jcommander\1.72\jcommander-1.72.jar;C:\Users\win10\.m2\repository\org\apache-extras\beanshell\bsh\2.0b6\bsh-2.0b6.jar;C:\Users\win10\.m2\repository\org\eclipse\jetty\jetty-maven-plugin\9.4.0.M0\jetty-maven-plugin-9.4.0.M0.jar;C:\Users\win10\.m2\repository\org\apache\maven\maven-plugin-api\3.0.3\maven-plugin-api-3.0.3.jar;C:\Users\win10\.m2\repository\org\apache\maven\maven-model\3.0.3\maven-model-3.0.3.jar;C:\Users\win10\.m2\repository\org\sonatype\sisu\sisu-inject-plexus\2.1.1\sisu-inject-plexus-2.1.1.jar;C:\Users\win10\.m2\repository\org\sonatype\sisu\sisu-inject-bean\2.1.1\sisu-inject-bean-2.1.1.jar;C:\Users\win10\.m2\repository\org\sonatype\sisu\sisu-guice\2.9.4\sisu-guice-2.9.4-no_aop.jar;C:\Users\win10\.m2\repository\org\apache\maven\maven-artifact\3.0.3\maven-artifact-3.0.3.jar;C:\Users\win10\.m2\repository\org\codehaus\plexus\plexus-utils\2.0.6\plexus-utils-2.0.6.jar;C:\Users\win10\.m2\repository\org\apache\maven\maven-core\3.0.3\maven-core-3.0.3.jar;C:\Users\win10\.m2\repository\org\apache\maven\maven-settings\3.0.3\maven-settings-3.0.3.jar;C:\Users\win10\.m2\repository\org\apache\maven\maven-settings-builder\3.0.3\maven-settings-builder-3.0.3.jar;C:\Users\win10\.m2\repository\org\apache\maven\maven-repository-metadata\3.0.3\maven-repository-metadata-3.0.3.jar;C:\Users\win10\.m2\repository\org\apache\maven\maven-model-builder\3.0.3\maven-model-builder-3.0.3.jar;C:\Users\win10\.m2\repository\org\apache\maven\maven-aether-provider\3.0.3\maven-aether-provider-3.0.3.jar;C:\Users\win10\.m2\repository\org\sonatype\aether\aether-spi\1.11\aether-spi-1.11.jar;C:\Users\win10\.m2\repository\org\sonatype\aether\aether-impl\1.11\aether-impl-1.11.jar;C:\Users\win10\.m2\repository\org\sonatype\aether\aether-api\1.11\aether-api-1.11.jar;C:\Users\win10\.m2\repository\org\sonatype\aether\aether-util\1.11\aether-util-1.11.jar;C:\Users\win10\.m2\repository\org\codehaus\plexus\plexus-interpolation\1.14\plexus-interpolation-1.14.jar;C:\Users\win10\.m2\repository\org\codehaus\plexus\plexus-classworlds\2.4\plexus-classworlds-2.4.jar;C:\Users\win10\.m2\repository\org\codehaus\plexus\plexus-component-annotations\1.5.5\plexus-component-annotations-1.5.5.jar;C:\Users\win10\.m2\repository\org\sonatype\plexus\plexus-sec-dispatcher\1.3\plexus-sec-dispatcher-1.3.jar;C:\Users\win10\.m2\repository\org\sonatype\plexus\plexus-cipher\1.4\plexus-cipher-1.4.jar;C:\Users\win10\.m2\repository\org\apache\maven\plugin-tools\maven-plugin-tools-api\3.4\maven-plugin-tools-api-3.4.jar;C:\Users\win10\.m2\repository\org\apache\maven\maven-project\2.2.1\maven-project-2.2.1.jar;C:\Users\win10\.m2\repository\org\apache\maven\maven-profile\2.2.1\maven-profile-2.2.1.jar;C:\Users\win10\.m2\repository\org\apache\maven\maven-artifact-manager\2.2.1\maven-artifact-manager-2.2.1.jar;C:\Users\win10\.m2\repository\org\apache\maven\wagon\wagon-provider-api\1.0-beta-6\wagon-provider-api-1.0-beta-6.jar;C:\Users\win10\.m2\repository\backport-util-concurrent\backport-util-concurrent\3.1\backport-util-concurrent-3.1.jar;C:\Users\win10\.m2\repository\org\apache\maven\maven-plugin-registry\2.2.1\maven-plugin-registry-2.2.1.jar;C:\Users\win10\.m2\repository\org\codehaus\plexus\plexus-container-default\1.0-alpha-9-stable-1\plexus-container-default-1.0-alpha-9-stable-1.jar;C:\Users\win10\.m2\repository\classworlds\classworlds\1.1-alpha-2\classworlds-1.1-alpha-2.jar;C:\Users\win10\.m2\repository\org\apache\maven\maven-plugin-descriptor\2.2.1\maven-plugin-descriptor-2.2.1.jar;C:\Users\win10\.m2\repository\org\eclipse\jetty\jetty-util\9.4.0.M0\jetty-util-9.4.0.M0.jar;C:\Users\win10\.m2\repository\org\eclipse\jetty\jetty-webapp\9.4.0.M0\jetty-webapp-9.4.0.M0.jar;C:\Users\win10\.m2\repository\org\eclipse\jetty\jetty-xml\9.4.0.M0\jetty-xml-9.4.0.M0.jar;C:\Users\win10\.m2\repository\org\eclipse\jetty\jetty-servlet\9.4.0.M0\jetty-servlet-9.4.0.M0.jar;C:\Users\win10\.m2\repository\org\eclipse\jetty\jetty-quickstart\9.4.0.M0\jetty-quickstart-9.4.0.M0.jar;C:\Users\win10\.m2\repository\org\eclipse\jetty\jetty-jaas\9.4.0.M0\jetty-jaas-9.4.0.M0.jar;C:\Users\win10\.m2\repository\org\eclipse\jetty\jetty-security\9.4.0.M0\jetty-security-9.4.0.M0.jar;C:\Users\win10\.m2\repository\org\eclipse\jetty\jetty-plus\9.4.0.M0\jetty-plus-9.4.0.M0.jar;C:\Users\win10\.m2\repository\org\eclipse\jetty\jetty-jndi\9.4.0.M0\jetty-jndi-9.4.0.M0.jar;C:\Users\win10\.m2\repository\org\eclipse\jetty\jetty-server\9.4.0.M0\jetty-server-9.4.0.M0.jar;C:\Users\win10\.m2\repository\javax\servlet\javax.servlet-api\3.1.0\javax.servlet-api-3.1.0.jar;C:\Users\win10\.m2\repository\org\eclipse\jetty\jetty-http\9.4.0.M0\jetty-http-9.4.0.M0.jar;C:\Users\win10\.m2\repository\org\eclipse\jetty\jetty-io\9.4.0.M0\jetty-io-9.4.0.M0.jar;C:\Users\win10\.m2\repository\org\eclipse\jetty\jetty-jmx\9.4.0.M0\jetty-jmx-9.4.0.M0.jar;C:\Users\win10\.m2\repository\org\eclipse\jetty\jetty-annotations\9.4.0.M0\jetty-annotations-9.4.0.M0.jar;C:\Users\win10\.m2\repository\javax\annotation\javax.annotation-api\1.2\javax.annotation-api-1.2.jar;C:\Users\win10\.m2\repository\org\ow2\asm\asm\5.0.1\asm-5.0.1.jar;C:\Users\win10\.m2\repository\org\ow2\asm\asm-commons\5.0.1\asm-commons-5.0.1.jar;C:\Users\win10\.m2\repository\org\ow2\asm\asm-tree\5.0.1\asm-tree-5.0.1.jar;C:\Users\win10\.m2\repository\org\eclipse\jetty\websocket\javax-websocket-server-impl\9.4.0.M0\javax-websocket-server-impl-9.4.0.M0.jar;C:\Users\win10\.m2\repository\org\eclipse\jetty\websocket\javax-websocket-client-impl\9.4.0.M0\javax-websocket-client-impl-9.4.0.M0.jar;C:\Users\win10\.m2\repository\javax\websocket\javax.websocket-api\1.0\javax.websocket-api-1.0.jar;C:\Users\win10\.m2\repository\org\eclipse\jetty\websocket\websocket-server\9.4.0.M0\websocket-server-9.4.0.M0.jar;C:\Users\win10\.m2\repository\org\eclipse\jetty\websocket\websocket-common\9.4.0.M0\websocket-common-9.4.0.M0.jar;C:\Users\win10\.m2\repository\org\eclipse\jetty\websocket\websocket-api\9.4.0.M0\websocket-api-9.4.0.M0.jar;C:\Users\win10\.m2\repository\org\eclipse\jetty\websocket\websocket-client\9.4.0.M0\websocket-client-9.4.0.M0.jar;C:\Users\win10\.m2\repository\org\eclipse\jetty\websocket\websocket-servlet\9.4.0.M0\websocket-servlet-9.4.0.M0.jar;C:\Users\win10\.m2\repository\org\eclipse\jetty\apache-jsp\9.4.0.M0\apache-jsp-9.4.0.M0.jar;C:\Users\win10\.m2\repository\org\eclipse\jetty\toolchain\jetty-schemas\3.1\jetty-schemas-3.1.jar;C:\Users\win10\.m2\repository\org\mortbay\jasper\apache-jsp\8.0.33\apache-jsp-8.0.33.jar;C:\Users\win10\.m2\repository\org\mortbay\jasper\apache-el\8.0.33\apache-el-8.0.33.jar;C:\Users\win10\.m2\repository\org\eclipse\jdt\core\compiler\ecj\4.4.2\ecj-4.4.2.jar;C:\Users\win10\.m2\repository\org\eclipse\jetty\apache-jstl\9.4.0.M0\apache-jstl-9.4.0.M0.jar;C:\Users\win10\.m2\repository\org\apache\taglibs\taglibs-standard-spec\1.2.5\taglibs-standard-spec-1.2.5.jar;C:\Users\win10\.m2\repository\org\apache\taglibs\taglibs-standard-impl\1.2.5\taglibs-standard-impl-1.2.5.jar;C:\Users\win10\.m2\repository\javax\transaction\javax.transaction-api\1.2\javax.transaction-api-1.2.jar;C:\Users\win10\.m2\repository\io\qameta\allure\allure-testng\2.8.0\allure-testng-2.8.0.jar;C:\Users\win10\.m2\repository\io\qameta\allure\allure-descriptions-javadoc\2.8.0\allure-descriptions-javadoc-2.8.0.jar;C:\Users\win10\.m2\repository\commons-io\commons-io\2.6\commons-io-2.6.jar;C:\Users\win10\.m2\repository\io\qameta\allure\allure-java-commons\2.8.0\allure-java-commons-2.8.0.jar;C:\Users\win10\.m2\repository\io\qameta\allure\allure-model\2.8.0\allure-model-2.8.0.jar;C:\Users\win10\.m2\repository\com\fasterxml\jackson\core\jackson-databind\2.9.7\jackson-databind-2.9.7.jar;C:\Users\win10\.m2\repository\com\fasterxml\jackson\core\jackson-annotations\2.9.0\jackson-annotations-2.9.0.jar;C:\Users\win10\.m2\repository\com\fasterxml\jackson\core\jackson-core\2.9.7\jackson-core-2.9.7.jar;C:\Users\win10\.m2\repository\org\apache\tika\tika-core\1.19.1\tika-core-1.19.1.jar;C:\Users\win10\.m2\repository\org\aspectj\aspectjrt\1.9.1\aspectjrt-1.9.1.jar;C:\Users\win10\.m2\repository\org\jooq\joor-java-8\0.9.9\joor-java-8-0.9.9.jar;C:\Users\win10\.m2\repository\org\slf4j\slf4j-api\1.7.25\slf4j-api-1.7.25.jar;C:\Users\win10\.m2\repository\org\apache\maven\surefire\surefire-testng-utils\2.22.0\surefire-testng-utils-2.22.0.jar;C:\Users\win10\.m2\repository\org\apache\maven\surefire\surefire-grouper\2.22.0\surefire-grouper-2.22.0.jar;"/>
    <property name="java.vm.vendor" value="Oracle Corporation"/>
    <property name="sun.arch.data.model" value="64"/>
    <property name="user.variant" value=""/>
    <property name="java.vendor.url" value="http://java.oracle.com/"/>
    <property name="user.timezone" value="America/New_York"/>
    <property name="java.vm.specification.version" value="1.8"/>
    <property name="os.name" value="Windows 10"/>
    <property name="user.country" value="CA"/>
    <property name="sun.java.launcher" value="SUN_STANDARD"/>
    <property name="sun.boot.library.path" value="C:\Program Files\Java\jdk1.8.0_191\jre\bin"/>
    <property name="sun.java.command" value="C:\Users\win10\AppData\Local\Temp\surefire2553731087028936343\surefirebooter4296048421539594621.jar C:\Users\win10\AppData\Local\Temp\surefire2553731087028936343 2019-02-20T22-14-59_767-jvmRun1 surefire5110372625372146477tmp surefire_06450188740053807016tmp"/>
    <property name="surefire.test.class.path" value="C:\Users\win10\.eclipse\FormStack\target\test-classes;C:\Users\win10\.eclipse\FormStack\target\classes;C:\Users\win10\.m2\repository\org\seleniumhq\selenium\selenium-java\3.14.0\selenium-java-3.14.0.jar;C:\Users\win10\.m2\repository\org\seleniumhq\selenium\selenium-api\3.14.0\selenium-api-3.14.0.jar;C:\Users\win10\.m2\repository\org\seleniumhq\selenium\selenium-chrome-driver\3.14.0\selenium-chrome-driver-3.14.0.jar;C:\Users\win10\.m2\repository\org\seleniumhq\selenium\selenium-edge-driver\3.14.0\selenium-edge-driver-3.14.0.jar;C:\Users\win10\.m2\repository\org\seleniumhq\selenium\selenium-firefox-driver\3.14.0\selenium-firefox-driver-3.14.0.jar;C:\Users\win10\.m2\repository\org\seleniumhq\selenium\selenium-ie-driver\3.14.0\selenium-ie-driver-3.14.0.jar;C:\Users\win10\.m2\repository\org\seleniumhq\selenium\selenium-opera-driver\3.14.0\selenium-opera-driver-3.14.0.jar;C:\Users\win10\.m2\repository\org\seleniumhq\selenium\selenium-remote-driver\3.14.0\selenium-remote-driver-3.14.0.jar;C:\Users\win10\.m2\repository\org\seleniumhq\selenium\selenium-safari-driver\3.14.0\selenium-safari-driver-3.14.0.jar;C:\Users\win10\.m2\repository\org\seleniumhq\selenium\selenium-support\3.14.0\selenium-support-3.14.0.jar;C:\Users\win10\.m2\repository\net\bytebuddy\byte-buddy\1.8.15\byte-buddy-1.8.15.jar;C:\Users\win10\.m2\repository\org\apache\commons\commons-exec\1.3\commons-exec-1.3.jar;C:\Users\win10\.m2\repository\commons-codec\commons-codec\1.10\commons-codec-1.10.jar;C:\Users\win10\.m2\repository\commons-logging\commons-logging\1.2\commons-logging-1.2.jar;C:\Users\win10\.m2\repository\com\google\guava\guava\25.0-jre\guava-25.0-jre.jar;C:\Users\win10\.m2\repository\com\google\code\findbugs\jsr305\1.3.9\jsr305-1.3.9.jar;C:\Users\win10\.m2\repository\org\checkerframework\checker-compat-qual\2.0.0\checker-compat-qual-2.0.0.jar;C:\Users\win10\.m2\repository\com\google\errorprone\error_prone_annotations\2.1.3\error_prone_annotations-2.1.3.jar;C:\Users\win10\.m2\repository\com\google\j2objc\j2objc-annotations\1.1\j2objc-annotations-1.1.jar;C:\Users\win10\.m2\repository\org\codehaus\mojo\animal-sniffer-annotations\1.14\animal-sniffer-annotations-1.14.jar;C:\Users\win10\.m2\repository\org\apache\httpcomponents\httpclient\4.5.5\httpclient-4.5.5.jar;C:\Users\win10\.m2\repository\org\apache\httpcomponents\httpcore\4.4.9\httpcore-4.4.9.jar;C:\Users\win10\.m2\repository\com\squareup\okhttp3\okhttp\3.10.0\okhttp-3.10.0.jar;C:\Users\win10\.m2\repository\com\squareup\okio\okio\1.14.1\okio-1.14.1.jar;C:\Users\win10\.m2\repository\org\testng\testng\6.14.3\testng-6.14.3.jar;C:\Users\win10\.m2\repository\com\beust\jcommander\1.72\jcommander-1.72.jar;C:\Users\win10\.m2\repository\org\apache-extras\beanshell\bsh\2.0b6\bsh-2.0b6.jar;C:\Users\win10\.m2\repository\org\eclipse\jetty\jetty-maven-plugin\9.4.0.M0\jetty-maven-plugin-9.4.0.M0.jar;C:\Users\win10\.m2\repository\org\apache\maven\maven-plugin-api\3.0.3\maven-plugin-api-3.0.3.jar;C:\Users\win10\.m2\repository\org\apache\maven\maven-model\3.0.3\maven-model-3.0.3.jar;C:\Users\win10\.m2\repository\org\sonatype\sisu\sisu-inject-plexus\2.1.1\sisu-inject-plexus-2.1.1.jar;C:\Users\win10\.m2\repository\org\sonatype\sisu\sisu-inject-bean\2.1.1\sisu-inject-bean-2.1.1.jar;C:\Users\win10\.m2\repository\org\sonatype\sisu\sisu-guice\2.9.4\sisu-guice-2.9.4-no_aop.jar;C:\Users\win10\.m2\repository\org\apache\maven\maven-artifact\3.0.3\maven-artifact-3.0.3.jar;C:\Users\win10\.m2\repository\org\codehaus\plexus\plexus-utils\2.0.6\plexus-utils-2.0.6.jar;C:\Users\win10\.m2\repository\org\apache\maven\maven-core\3.0.3\maven-core-3.0.3.jar;C:\Users\win10\.m2\repository\org\apache\maven\maven-settings\3.0.3\maven-settings-3.0.3.jar;C:\Users\win10\.m2\repository\org\apache\maven\maven-settings-builder\3.0.3\maven-settings-builder-3.0.3.jar;C:\Users\win10\.m2\repository\org\apache\maven\maven-repository-metadata\3.0.3\maven-repository-metadata-3.0.3.jar;C:\Users\win10\.m2\repository\org\apache\maven\maven-model-builder\3.0.3\maven-model-builder-3.0.3.jar;C:\Users\win10\.m2\repository\org\apache\maven\maven-aether-provider\3.0.3\maven-aether-provider-3.0.3.jar;C:\Users\win10\.m2\repository\org\sonatype\aether\aether-spi\1.11\aether-spi-1.11.jar;C:\Users\win10\.m2\repository\org\sonatype\aether\aether-impl\1.11\aether-impl-1.11.jar;C:\Users\win10\.m2\repository\org\sonatype\aether\aether-api\1.11\aether-api-1.11.jar;C:\Users\win10\.m2\repository\org\sonatype\aether\aether-util\1.11\aether-util-1.11.jar;C:\Users\win10\.m2\repository\org\codehaus\plexus\plexus-interpolation\1.14\plexus-interpolation-1.14.jar;C:\Users\win10\.m2\repository\org\codehaus\plexus\plexus-classworlds\2.4\plexus-classworlds-2.4.jar;C:\Users\win10\.m2\repository\org\codehaus\plexus\plexus-component-annotations\1.5.5\plexus-component-annotations-1.5.5.jar;C:\Users\win10\.m2\repository\org\sonatype\plexus\plexus-sec-dispatcher\1.3\plexus-sec-dispatcher-1.3.jar;C:\Users\win10\.m2\repository\org\sonatype\plexus\plexus-cipher\1.4\plexus-cipher-1.4.jar;C:\Users\win10\.m2\repository\org\apache\maven\plugin-tools\maven-plugin-tools-api\3.4\maven-plugin-tools-api-3.4.jar;C:\Users\win10\.m2\repository\org\apache\maven\maven-project\2.2.1\maven-project-2.2.1.jar;C:\Users\win10\.m2\repository\org\apache\maven\maven-profile\2.2.1\maven-profile-2.2.1.jar;C:\Users\win10\.m2\repository\org\apache\maven\maven-artifact-manager\2.2.1\maven-artifact-manager-2.2.1.jar;C:\Users\win10\.m2\repository\org\apache\maven\wagon\wagon-provider-api\1.0-beta-6\wagon-provider-api-1.0-beta-6.jar;C:\Users\win10\.m2\repository\backport-util-concurrent\backport-util-concurrent\3.1\backport-util-concurrent-3.1.jar;C:\Users\win10\.m2\repository\org\apache\maven\maven-plugin-registry\2.2.1\maven-plugin-registry-2.2.1.jar;C:\Users\win10\.m2\repository\org\codehaus\plexus\plexus-container-default\1.0-alpha-9-stable-1\plexus-container-default-1.0-alpha-9-stable-1.jar;C:\Users\win10\.m2\repository\classworlds\classworlds\1.1-alpha-2\classworlds-1.1-alpha-2.jar;C:\Users\win10\.m2\repository\org\apache\maven\maven-plugin-descriptor\2.2.1\maven-plugin-descriptor-2.2.1.jar;C:\Users\win10\.m2\repository\org\eclipse\jetty\jetty-util\9.4.0.M0\jetty-util-9.4.0.M0.jar;C:\Users\win10\.m2\repository\org\eclipse\jetty\jetty-webapp\9.4.0.M0\jetty-webapp-9.4.0.M0.jar;C:\Users\win10\.m2\repository\org\eclipse\jetty\jetty-xml\9.4.0.M0\jetty-xml-9.4.0.M0.jar;C:\Users\win10\.m2\repository\org\eclipse\jetty\jetty-servlet\9.4.0.M0\jetty-servlet-9.4.0.M0.jar;C:\Users\win10\.m2\repository\org\eclipse\jetty\jetty-quickstart\9.4.0.M0\jetty-quickstart-9.4.0.M0.jar;C:\Users\win10\.m2\repository\org\eclipse\jetty\jetty-jaas\9.4.0.M0\jetty-jaas-9.4.0.M0.jar;C:\Users\win10\.m2\repository\org\eclipse\jetty\jetty-security\9.4.0.M0\jetty-security-9.4.0.M0.jar;C:\Users\win10\.m2\repository\org\eclipse\jetty\jetty-plus\9.4.0.M0\jetty-plus-9.4.0.M0.jar;C:\Users\win10\.m2\repository\org\eclipse\jetty\jetty-jndi\9.4.0.M0\jetty-jndi-9.4.0.M0.jar;C:\Users\win10\.m2\repository\org\eclipse\jetty\jetty-server\9.4.0.M0\jetty-server-9.4.0.M0.jar;C:\Users\win10\.m2\repository\javax\servlet\javax.servlet-api\3.1.0\javax.servlet-api-3.1.0.jar;C:\Users\win10\.m2\repository\org\eclipse\jetty\jetty-http\9.4.0.M0\jetty-http-9.4.0.M0.jar;C:\Users\win10\.m2\repository\org\eclipse\jetty\jetty-io\9.4.0.M0\jetty-io-9.4.0.M0.jar;C:\Users\win10\.m2\repository\org\eclipse\jetty\jetty-jmx\9.4.0.M0\jetty-jmx-9.4.0.M0.jar;C:\Users\win10\.m2\repository\org\eclipse\jetty\jetty-annotations\9.4.0.M0\jetty-annotations-9.4.0.M0.jar;C:\Users\win10\.m2\repository\javax\annotation\javax.annotation-api\1.2\javax.annotation-api-1.2.jar;C:\Users\win10\.m2\repository\org\ow2\asm\asm\5.0.1\asm-5.0.1.jar;C:\Users\win10\.m2\repository\org\ow2\asm\asm-commons\5.0.1\asm-commons-5.0.1.jar;C:\Users\win10\.m2\repository\org\ow2\asm\asm-tree\5.0.1\asm-tree-5.0.1.jar;C:\Users\win10\.m2\repository\org\eclipse\jetty\websocket\javax-websocket-server-impl\9.4.0.M0\javax-websocket-server-impl-9.4.0.M0.jar;C:\Users\win10\.m2\repository\org\eclipse\jetty\websocket\javax-websocket-client-impl\9.4.0.M0\javax-websocket-client-impl-9.4.0.M0.jar;C:\Users\win10\.m2\repository\javax\websocket\javax.websocket-api\1.0\javax.websocket-api-1.0.jar;C:\Users\win10\.m2\repository\org\eclipse\jetty\websocket\websocket-server\9.4.0.M0\websocket-server-9.4.0.M0.jar;C:\Users\win10\.m2\repository\org\eclipse\jetty\websocket\websocket-common\9.4.0.M0\websocket-common-9.4.0.M0.jar;C:\Users\win10\.m2\repository\org\eclipse\jetty\websocket\websocket-api\9.4.0.M0\websocket-api-9.4.0.M0.jar;C:\Users\win10\.m2\repository\org\eclipse\jetty\websocket\websocket-client\9.4.0.M0\websocket-client-9.4.0.M0.jar;C:\Users\win10\.m2\repository\org\eclipse\jetty\websocket\websocket-servlet\9.4.0.M0\websocket-servlet-9.4.0.M0.jar;C:\Users\win10\.m2\repository\org\eclipse\jetty\apache-jsp\9.4.0.M0\apache-jsp-9.4.0.M0.jar;C:\Users\win10\.m2\repository\org\eclipse\jetty\toolchain\jetty-schemas\3.1\jetty-schemas-3.1.jar;C:\Users\win10\.m2\repository\org\mortbay\jasper\apache-jsp\8.0.33\apache-jsp-8.0.33.jar;C:\Users\win10\.m2\repository\org\mortbay\jasper\apache-el\8.0.33\apache-el-8.0.33.jar;C:\Users\win10\.m2\repository\org\eclipse\jdt\core\compiler\ecj\4.4.2\ecj-4.4.2.jar;C:\Users\win10\.m2\repository\org\eclipse\jetty\apache-jstl\9.4.0.M0\apache-jstl-9.4.0.M0.jar;C:\Users\win10\.m2\repository\org\apache\taglibs\taglibs-standard-spec\1.2.5\taglibs-standard-spec-1.2.5.jar;C:\Users\win10\.m2\repository\org\apache\taglibs\taglibs-standard-impl\1.2.5\taglibs-standard-impl-1.2.5.jar;C:\Users\win10\.m2\repository\javax\transaction\javax.transaction-api\1.2\javax.transaction-api-1.2.jar;C:\Users\win10\.m2\repository\io\qameta\allure\allure-testng\2.8.0\allure-testng-2.8.0.jar;C:\Users\win10\.m2\repository\io\qameta\allure\allure-descriptions-javadoc\2.8.0\allure-descriptions-javadoc-2.8.0.jar;C:\Users\win10\.m2\repository\commons-io\commons-io\2.6\commons-io-2.6.jar;C:\Users\win10\.m2\repository\io\qameta\allure\allure-java-commons\2.8.0\allure-java-commons-2.8.0.jar;C:\Users\win10\.m2\repository\io\qameta\allure\allure-model\2.8.0\allure-model-2.8.0.jar;C:\Users\win10\.m2\repository\com\fasterxml\jackson\core\jackson-databind\2.9.7\jackson-databind-2.9.7.jar;C:\Users\win10\.m2\repository\com\fasterxml\jackson\core\jackson-annotations\2.9.0\jackson-annotations-2.9.0.jar;C:\Users\win10\.m2\repository\com\fasterxml\jackson\core\jackson-core\2.9.7\jackson-core-2.9.7.jar;C:\Users\win10\.m2\repository\org\apache\tika\tika-core\1.19.1\tika-core-1.19.1.jar;C:\Users\win10\.m2\repository\org\aspectj\aspectjrt\1.9.1\aspectjrt-1.9.1.jar;C:\Users\win10\.m2\repository\org\jooq\joor-java-8\0.9.9\joor-java-8-0.9.9.jar;C:\Users\win10\.m2\repository\org\slf4j\slf4j-api\1.7.25\slf4j-api-1.7.25.jar;C:\Users\win10\.m2\repository\org\apache\maven\surefire\surefire-testng-utils\2.22.0\surefire-testng-utils-2.22.0.jar;C:\Users\win10\.m2\repository\org\apache\maven\surefire\surefire-grouper\2.22.0\surefire-grouper-2.22.0.jar;"/>
    <property name="sun.cpu.endian" value="little"/>
    <property name="user.home" value="C:\Users\win10"/>
    <property name="user.language" value="en"/>
    <property name="java.specification.vendor" value="Oracle Corporation"/>
    <property name="java.home" value="C:\Program Files\Java\jdk1.8.0_191\jre"/>
    <property name="basedir" value="C:\Users\win10\.eclipse\FormStack"/>
    <property name="file.separator" value="\"/>
    <property name="line.separator" value="&#10;"/>
    <property name="java.vm.specification.vendor" value="Oracle Corporation"/>
    <property name="java.specification.name" value="Java Platform API Specification"/>
    <property name="java.awt.graphicsenv" value="sun.awt.Win32GraphicsEnvironment"/>
    <property name="surefire.real.class.path" value="C:\Users\win10\AppData\Local\Temp\surefire2553731087028936343\surefirebooter4296048421539594621.jar"/>
    <property name="sun.boot.class.path" value="C:\Program Files\Java\jdk1.8.0_191\jre\lib\resources.jar;C:\Program Files\Java\jdk1.8.0_191\jre\lib\rt.jar;C:\Program Files\Java\jdk1.8.0_191\jre\lib\sunrsasign.jar;C:\Program Files\Java\jdk1.8.0_191\jre\lib\jsse.jar;C:\Program Files\Java\jdk1.8.0_191\jre\lib\jce.jar;C:\Program Files\Java\jdk1.8.0_191\jre\lib\charsets.jar;C:\Program Files\Java\jdk1.8.0_191\jre\lib\jfr.jar;C:\Program Files\Java\jdk1.8.0_191\jre\classes"/>
    <property name="user.script" value=""/>
    <property name="sun.management.compiler" value="HotSpot 64-Bit Tiered Compilers"/>
    <property name="java.runtime.version" value="1.8.0_191-b12"/>
    <property name="user.name" value="win10"/>
    <property name="path.separator" value=";"/>
    <property name="os.version" value="10.0"/>
    <property name="java.endorsed.dirs" value="C:\Program Files\Java\jdk1.8.0_191\jre\lib\endorsed"/>
    <property name="java.runtime.name" value="Java(TM) SE Runtime Environment"/>
    <property name="file.encoding" value="Cp1252"/>
    <property name="java.vm.name" value="Java HotSpot(TM) 64-Bit Server VM"/>
    <property name="localRepository" value="C:\Users\win10\.m2\repository"/>
    <property name="java.vendor.url.bug" value="http://bugreport.sun.com/bugreport/"/>
    <property name="java.io.tmpdir" value="C:\Users\win10\AppData\Local\Temp\"/>
    <property name="java.version" value="1.8.0_191"/>
    <property name="user.dir" value="C:\Users\win10\.eclipse\FormStack"/>
    <property name="os.arch" value="amd64"/>
    <property name="java.vm.specification.name" value="Java Virtual Machine Specification"/>
    <property name="java.awt.printerjob" value="sun.awt.windows.WPrinterJob"/>
    <property name="sun.os.patch.level" value=""/>
    <property name="java.library.path" value="C:\Program Files\Java\jdk1.8.0_191\jre\bin;C:\Windows\Sun\Java\bin;C:\Windows\system32;C:\Windows;C:/Program Files/Java/jre1.8.0_191/bin/server;C:/Program Files/Java/jre1.8.0_191/bin;C:/Program Files/Java/jre1.8.0_191/lib/amd64;C:\Program Files (x86)\Common Files\Oracle\Java\javapath;C:\Windows\system32;C:\Windows;C:\Windows\System32\Wbem;C:\Windows\System32\WindowsPowerShell\v1.0\;C:\Windows\System32\OpenSSH\;C:\Program Files\PuTTY\;C:\Users\win10\Downloads\New folder\apache-maven-3.6.0-bin (1)\apache-maven-3.6.0\bin;C:\automation\allure-2.8.0\allure-2.8.0\bin;C:\Program Files\Git\cmd;C:\Users\win10\AppData\Local\Microsoft\WindowsApps;C:\Program Files\Java\jdk1.8.0_191\bin;C:\Program Files\Java\jre1.8.0_191\bin;C:\Users\win10\AppData\Local\GitHubDesktop\bin;C:\Windows\system32;;."/>
    <property name="java.vm.info" value="mixed mode"/>
    <property name="java.vendor" value="Oracle Corporation"/>
    <property name="java.vm.version" value="25.191-b12"/>
    <property name="java.ext.dirs" value="C:\Program Files\Java\jdk1.8.0_191\jre\lib\ext;C:\Windows\Sun\Java\lib\ext"/>
    <property name="sun.io.unicode.encoding" value="UnicodeLittle"/>
    <property name="java.class.version" value="52.0"/>
  </properties>
  <testcase name="landingPage" classname="Maven.FormStack.TestCasesPage" time="45.03"/>
</testsuite>