<?xml version="1.0" encoding="UTF-8"?>
<!-- Generated by org.testng.reporters.JUnitReportReporter -->
<testsuite skipped="0" hostname="DESKTOP-A4AIJI3" name="Maven.FormStack.TestCasesPage" tests="1" failures="0" timestamp="21 Feb 2019 03:16:08 GMT" time="45.028" errors="0">
  <testcase name="landingPage" time="45.028" classname="Maven.FormStack.TestCasesPage"/>
</testsuite> <!-- Maven.FormStack.TestCasesPage -->
